[debug] [2023-04-28T01:14:39.397Z] ----------------------------------------------------------------------
[debug] [2023-04-28T01:14:39.399Z] Command:       /usr/local/bin/node /usr/local/bin/firebase init
[debug] [2023-04-28T01:14:39.400Z] CLI Version:   11.29.1
[debug] [2023-04-28T01:14:39.400Z] Platform:      darwin
[debug] [2023-04-28T01:14:39.400Z] Node Version:  v16.17.0
[debug] [2023-04-28T01:14:39.401Z] Time:          Fri Apr 28 2023 01:14:39 GMT+0000 (heure moyenne de Greenwich)
[debug] [2023-04-28T01:14:39.401Z] ----------------------------------------------------------------------
[debug] 
[debug] [2023-04-28T01:14:39.411Z] > command requires scopes: ["email","openid","https://www.googleapis.com/auth/cloudplatformprojects.readonly","https://www.googleapis.com/auth/firebase","https://www.googleapis.com/auth/cloud-platform"]
[debug] [2023-04-28T01:14:39.412Z] > authorizing via signed-in user (eloimdomingo@gmail.com)
[info] 
     ######## #### ########  ######## ########     ###     ######  ########
     ##        ##  ##     ## ##       ##     ##  ##   ##  ##       ##
     ######    ##  ########  ######   ########  #########  ######  ######
     ##        ##  ##    ##  ##       ##     ## ##     ##       ## ##
     ##       #### ##     ## ######## ########  ##     ##  ######  ########

You're about to initialize a Firebase project in this directory:

  /Users/eloimdomingo-maeder/Projet en cours/Git/portfolio-eloim/Ateba Music App

[info] 
=== Project Setup
[info] 
[info] First, let's associate this project directory with a Firebase project.
[info] You can create multiple project aliases by running firebase use --add, 
[info] but for now we'll just set up a default project.
[info] 
[debug] [2023-04-28T01:16:14.528Z] >>> [apiv2][query] GET https://firebase.googleapis.com/v1beta1/projects pageSize=100
[debug] [2023-04-28T01:16:15.751Z] <<< [apiv2][status] GET https://firebase.googleapis.com/v1beta1/projects 200
[debug] [2023-04-28T01:16:15.752Z] <<< [apiv2][body] GET https://firebase.googleapis.com/v1beta1/projects [omitted]
[info] i  Using project ateba-music (Ateba Music) 
[info] 
=== Hosting Setup
[info] 
[info] Your public directory is the folder (relative to your project directory) that
[info] will contain Hosting assets to be uploaded with firebase deploy. If you
[info] have a build process for your assets, use your build's output directory.
[info] 
